<?xml version="1.0" encoding="UTF-8"?>
<!-- Generated by org.testng.reporters.JUnitReportReporter -->
<testsuite hostname="WKWIN1771489" name="scripts.toVerifyEmptyCart" tests="1" failures="0" timestamp="4 Aug 2018 05:07:28 GMT" time="72.861" errors="0">
  <testcase name="testToVerifyAddtoShoppingCart" time="72.861" classname="scripts.toVerifyEmptyCart"/>
</testsuite> <!-- scripts.toVerifyEmptyCart -->
